[2020-01-25 00:31:38:233] [util.CommenClass.<init>] [INFO] 通用类初始化完成...
[2020-01-25 00:31:39:143] [util.MyApplicationContextAnnotion.<init>] [INFO] 获取上下文工具类初始化成功!
[2020-01-25 00:31:39:247] [vo.logVo.LogVo.<init>] [INFO] 日志实例已初始化...
[2020-01-25 00:31:40:325] [aop.AnnotationCommenAop.<init>] [INFO] 注解式切面已初始化...
[2020-01-25 00:31:45:222] [vo.logVo.LogVo.<init>] [INFO] 日志实例已初始化...
[2020-01-25 00:41:34:513] [util.CommenClass.<init>] [INFO] 通用类初始化完成...
[2020-01-25 00:41:35:295] [util.MyApplicationContextAnnotion.<init>] [INFO] 获取上下文工具类初始化成功!
[2020-01-25 00:41:35:373] [vo.logVo.LogVo.<init>] [INFO] 日志实例已初始化...
[2020-01-25 00:41:36:506] [aop.AnnotationCommenAop.<init>] [INFO] 注解式切面已初始化...
[2020-01-25 00:41:41:118] [vo.logVo.LogVo.<init>] [INFO] 日志实例已初始化...
[2020-01-25 00:52:45:027] [controllers.userController.UserController.ajaxReturn] [INFO] come to controller
[2020-01-25 00:54:42:883] [controllers.userController.UserController.ajaxReturn] [INFO] come to controller
[2020-01-25 00:54:50:107] [controllers.userController.UserController.ajaxReturn] [INFO] come to controller
[2020-01-25 00:54:55:129] [controllers.userController.UserController.ajaxReturn] [INFO] come to controller
[2020-01-25 00:54:55:716] [controllers.userController.UserController.ajaxReturn] [INFO] come to controller
[2020-01-25 00:54:55:919] [controllers.userController.UserController.ajaxReturn] [INFO] come to controller
[2020-01-25 00:54:56:075] [controllers.userController.UserController.ajaxReturn] [INFO] come to controller
[2020-01-25 00:54:56:243] [controllers.userController.UserController.ajaxReturn] [INFO] come to controller
[2020-01-25 00:55:09:879] [controllers.userController.UserController.ajaxReturn] [INFO] come to controller
[2020-01-25 00:55:10:453] [controllers.userController.UserController.ajaxReturn] [INFO] come to controller
[2020-01-25 00:55:10:671] [controllers.userController.UserController.ajaxReturn] [INFO] come to controller
[2020-01-25 00:55:10:874] [controllers.userController.UserController.ajaxReturn] [INFO] come to controller
[2020-01-25 00:55:11:076] [controllers.userController.UserController.ajaxReturn] [INFO] come to controller
[2020-01-25 00:55:11:266] [controllers.userController.UserController.ajaxReturn] [INFO] come to controller
[2020-01-25 00:55:16:939] [controllers.userController.UserController.ajaxReturn] [INFO] come to controller
[2020-01-28 22:21:15:322] [util.CommenClass.<init>] [INFO] 通用类初始化完成...
[2020-01-28 22:21:15:742] [util.MyApplicationContextAnnotion.<init>] [INFO] 获取上下文工具类初始化成功!
[2020-01-28 22:21:15:782] [vo.logVo.LogVo.<init>] [INFO] 日志实例已初始化...
[2020-01-28 22:21:16:122] [aop.AnnotationCommenAop.<init>] [INFO] 注解式切面已初始化...
[2020-01-28 22:21:18:303] [vo.logVo.LogVo.<init>] [INFO] 日志实例已初始化...
[2020-01-28 22:21:58:520] [controllers.userController.UserController.ajaxReturn] [INFO] come to controller
[2020-01-28 22:35:15:157] [util.CommenClass.<init>] [INFO] 通用类初始化完成...
[2020-01-28 22:35:15:554] [util.MyApplicationContextAnnotion.<init>] [INFO] 获取上下文工具类初始化成功!
[2020-01-28 22:35:15:602] [vo.logVo.LogVo.<init>] [INFO] 日志实例已初始化...
[2020-01-28 22:35:15:972] [aop.AnnotationCommenAop.<init>] [INFO] 注解式切面已初始化...
[2020-01-28 22:35:17:798] [vo.logVo.LogVo.<init>] [INFO] 日志实例已初始化...
[2020-01-28 22:37:52:077] [util.CommenClass.<init>] [INFO] 通用类初始化完成...
[2020-01-28 22:37:52:409] [util.MyApplicationContextAnnotion.<init>] [INFO] 获取上下文工具类初始化成功!
[2020-01-28 22:37:52:457] [vo.logVo.LogVo.<init>] [INFO] 日志实例已初始化...
[2020-01-28 22:37:52:859] [aop.AnnotationCommenAop.<init>] [INFO] 注解式切面已初始化...
[2020-01-28 22:37:54:804] [vo.logVo.LogVo.<init>] [INFO] 日志实例已初始化...
[2020-01-28 22:39:39:397] [controllers.userController.UserController.ajaxReturn] [INFO] come to controller
[2020-01-28 22:41:36:428] [controllers.userController.UserController.ajaxReturn] [INFO] come to controller
[2020-01-28 22:42:03:519] [controllers.userController.UserController.ajaxReturn] [INFO] come to controller
[2020-01-28 22:45:34:313] [util.CommenClass.<init>] [INFO] 通用类初始化完成...
[2020-01-28 22:45:34:579] [util.MyApplicationContextAnnotion.<init>] [INFO] 获取上下文工具类初始化成功!
[2020-01-28 22:45:34:626] [vo.logVo.LogVo.<init>] [INFO] 日志实例已初始化...
[2020-01-28 22:45:34:954] [aop.AnnotationCommenAop.<init>] [INFO] 注解式切面已初始化...
[2020-01-28 22:45:36:789] [vo.logVo.LogVo.<init>] [INFO] 日志实例已初始化...
[2020-01-28 22:51:20:567] [util.CommenClass.<init>] [INFO] 通用类初始化完成...
[2020-01-28 22:51:20:928] [util.MyApplicationContextAnnotion.<init>] [INFO] 获取上下文工具类初始化成功!
[2020-01-28 22:51:20:959] [vo.logVo.LogVo.<init>] [INFO] 日志实例已初始化...
[2020-01-28 22:51:21:453] [aop.AnnotationCommenAop.<init>] [INFO] 注解式切面已初始化...
[2020-01-28 22:51:23:305] [vo.logVo.LogVo.<init>] [INFO] 日志实例已初始化...
[2020-01-28 22:52:40:769] [controllers.userController.UserController.ajaxReturn] [INFO] come to controller
[2020-01-28 22:56:30:891] [util.CommenClass.<init>] [INFO] 通用类初始化完成...
[2020-01-28 22:56:31:203] [util.MyApplicationContextAnnotion.<init>] [INFO] 获取上下文工具类初始化成功!
[2020-01-28 22:56:31:250] [vo.logVo.LogVo.<init>] [INFO] 日志实例已初始化...
[2020-01-28 22:56:31:594] [aop.AnnotationCommenAop.<init>] [INFO] 注解式切面已初始化...
[2020-01-28 22:56:33:081] [vo.logVo.LogVo.<init>] [INFO] 日志实例已初始化...
[2020-01-28 22:57:00:739] [controllers.userController.UserController.ajaxReturn] [INFO] come to controller
[2020-01-28 22:57:45:478] [util.CommenClass.<init>] [INFO] 通用类初始化完成...
[2020-01-28 22:57:45:775] [util.MyApplicationContextAnnotion.<init>] [INFO] 获取上下文工具类初始化成功!
[2020-01-28 22:57:45:822] [vo.logVo.LogVo.<init>] [INFO] 日志实例已初始化...
[2020-01-28 22:57:46:182] [aop.AnnotationCommenAop.<init>] [INFO] 注解式切面已初始化...
[2020-01-28 22:57:47:471] [vo.logVo.LogVo.<init>] [INFO] 日志实例已初始化...
[2020-01-28 22:58:15:693] [controllers.userController.UserController.ajaxReturn] [INFO] come to controller
[2020-01-28 22:58:15:803] [controllers.userController.UserController.addUser] [INFO] 添加用户成功!
[2020-01-28 23:00:41:360] [util.CommenClass.<init>] [INFO] 通用类初始化完成...
[2020-01-28 23:00:41:641] [util.MyApplicationContextAnnotion.<init>] [INFO] 获取上下文工具类初始化成功!
[2020-01-28 23:00:41:672] [vo.logVo.LogVo.<init>] [INFO] 日志实例已初始化...
[2020-01-28 23:00:41:985] [aop.AnnotationCommenAop.<init>] [INFO] 注解式切面已初始化...
[2020-01-28 23:00:43:266] [vo.logVo.LogVo.<init>] [INFO] 日志实例已初始化...
[2020-01-28 23:01:23:676] [controllers.userController.UserController.ajaxReturn] [INFO] come to controller
[2020-01-28 23:01:23:822] [controllers.userController.UserController.addUser] [INFO] 添加用户成功!
[2020-01-28 23:05:00:881] [util.CommenClass.<init>] [INFO] 通用类初始化完成...
[2020-01-28 23:05:01:100] [util.MyApplicationContextAnnotion.<init>] [INFO] 获取上下文工具类初始化成功!
[2020-01-28 23:05:01:116] [vo.logVo.LogVo.<init>] [INFO] 日志实例已初始化...
[2020-01-28 23:05:01:397] [aop.AnnotationCommenAop.<init>] [INFO] 注解式切面已初始化...
[2020-01-28 23:05:02:489] [vo.logVo.LogVo.<init>] [INFO] 日志实例已初始化...
[2020-01-28 23:05:38:754] [util.CommenClass.<init>] [INFO] 通用类初始化完成...
[2020-01-28 23:05:38:978] [util.MyApplicationContextAnnotion.<init>] [INFO] 获取上下文工具类初始化成功!
[2020-01-28 23:05:39:025] [vo.logVo.LogVo.<init>] [INFO] 日志实例已初始化...
[2020-01-28 23:05:39:337] [aop.AnnotationCommenAop.<init>] [INFO] 注解式切面已初始化...
[2020-01-28 23:05:40:697] [vo.logVo.LogVo.<init>] [INFO] 日志实例已初始化...
[2020-01-28 23:06:59:793] [controllers.userController.UserController.ajaxReturn] [INFO] come to controller
[2020-01-28 23:06:59:961] [controllers.userController.UserController.addUser] [INFO] 添加用户成功!
[2020-01-29 22:27:58:225] [util.CommenClass.<init>] [INFO] 通用类初始化完成...
[2020-01-29 22:27:58:461] [util.MyApplicationContextAnnotion.<init>] [INFO] 获取上下文工具类初始化成功!
[2020-01-29 22:27:58:492] [vo.logVo.LogVo.<init>] [INFO] 日志实例已初始化...
[2020-01-29 22:27:58:789] [aop.AnnotationCommenAop.<init>] [INFO] 注解式切面已初始化...
[2020-01-29 22:28:00:227] [vo.logVo.LogVo.<init>] [INFO] 日志实例已初始化...
[2020-01-29 22:31:09:396] [util.CommenClass.<init>] [INFO] 通用类初始化完成...
[2020-01-29 22:31:09:614] [util.MyApplicationContextAnnotion.<init>] [INFO] 获取上下文工具类初始化成功!
[2020-01-29 22:31:09:646] [vo.logVo.LogVo.<init>] [INFO] 日志实例已初始化...
[2020-01-29 22:31:09:943] [aop.AnnotationCommenAop.<init>] [INFO] 注解式切面已初始化...
[2020-01-29 22:31:11:286] [vo.logVo.LogVo.<init>] [INFO] 日志实例已初始化...
[2020-01-29 22:33:04:274] [util.CommenClass.<init>] [INFO] 通用类初始化完成...
[2020-01-29 22:33:04:602] [util.MyApplicationContextAnnotion.<init>] [INFO] 获取上下文工具类初始化成功!
[2020-01-29 22:33:04:634] [vo.logVo.LogVo.<init>] [INFO] 日志实例已初始化...
[2020-01-29 22:33:04:899] [aop.AnnotationCommenAop.<init>] [INFO] 注解式切面已初始化...
[2020-01-29 22:33:06:105] [vo.logVo.LogVo.<init>] [INFO] 日志实例已初始化...
[2020-01-29 22:34:09:517] [controllers.userController.UserController.ajaxReturn] [INFO] come to controller
[2020-01-29 22:34:09:749] [controllers.userController.UserController.addUser] [INFO] 添加用户成功!
[2020-01-30 22:24:30:800] [util.CommenClass.<init>] [INFO] 通用类初始化完成...
[2020-01-30 22:24:31:253] [util.MyApplicationContextAnnotion.<init>] [INFO] 获取上下文工具类初始化成功!
[2020-01-30 22:24:31:284] [vo.logVo.LogVo.<init>] [INFO] 日志实例已初始化...
[2020-01-30 22:24:31:581] [aop.AnnotationCommenAop.<init>] [INFO] 注解式切面已初始化...
[2020-01-30 22:24:33:579] [vo.logVo.LogVo.<init>] [INFO] 日志实例已初始化...
[2020-01-30 22:30:52:195] [util.CommenClass.<init>] [INFO] 通用类初始化完成...
[2020-01-30 22:30:52:445] [util.MyApplicationContextAnnotion.<init>] [INFO] 获取上下文工具类初始化成功!
[2020-01-30 22:30:52:492] [vo.logVo.LogVo.<init>] [INFO] 日志实例已初始化...
[2020-01-30 22:30:52:789] [aop.AnnotationCommenAop.<init>] [INFO] 注解式切面已初始化...
[2020-01-30 22:30:54:134] [vo.logVo.LogVo.<init>] [INFO] 日志实例已初始化...
[2020-01-31 22:35:53:759] [util.CommenClass.<init>] [INFO] 通用类初始化完成...
[2020-01-31 22:35:53:978] [util.MyApplicationContextAnnotion.<init>] [INFO] 获取上下文工具类初始化成功!
[2020-01-31 22:35:54:009] [vo.logVo.LogVo.<init>] [INFO] 日志实例已初始化...
[2020-01-31 22:35:54:416] [aop.AnnotationCommenAop.<init>] [INFO] 注解式切面已初始化...
[2020-01-31 22:35:55:597] [vo.logVo.LogVo.<init>] [INFO] 日志实例已初始化...
[2020-01-31 23:52:10:183] [util.CommenClass.<init>] [INFO] 通用类初始化完成...
[2020-01-31 23:52:10:386] [util.MyApplicationContextAnnotion.<init>] [INFO] 获取上下文工具类初始化成功!
[2020-01-31 23:52:10:417] [vo.logVo.LogVo.<init>] [INFO] 日志实例已初始化...
[2020-01-31 23:52:10:667] [aop.AnnotationCommenAop.<init>] [INFO] 注解式切面已初始化...
[2020-01-31 23:52:12:028] [vo.logVo.LogVo.<init>] [INFO] 日志实例已初始化...
[2020-01-31 23:56:51:667] [util.CommenClass.<init>] [INFO] 通用类初始化完成...
[2020-01-31 23:56:51:886] [util.MyApplicationContextAnnotion.<init>] [INFO] 获取上下文工具类初始化成功!
[2020-01-31 23:56:51:901] [vo.logVo.LogVo.<init>] [INFO] 日志实例已初始化...
[2020-01-31 23:56:52:151] [aop.AnnotationCommenAop.<init>] [INFO] 注解式切面已初始化...
[2020-01-31 23:56:53:432] [vo.logVo.LogVo.<init>] [INFO] 日志实例已初始化...
[2020-02-01 00:01:22:491] [util.CommenClass.<init>] [INFO] 通用类初始化完成...
[2020-02-01 00:01:22:725] [util.MyApplicationContextAnnotion.<init>] [INFO] 获取上下文工具类初始化成功!
[2020-02-01 00:01:22:741] [vo.logVo.LogVo.<init>] [INFO] 日志实例已初始化...
[2020-02-01 00:01:22:991] [aop.AnnotationCommenAop.<init>] [INFO] 注解式切面已初始化...
[2020-02-01 00:01:24:226] [vo.logVo.LogVo.<init>] [INFO] 日志实例已初始化...
[2020-02-01 00:05:09:339] [util.CommenClass.<init>] [INFO] 通用类初始化完成...
[2020-02-01 00:05:09:562] [util.MyApplicationContextAnnotion.<init>] [INFO] 获取上下文工具类初始化成功!
[2020-02-01 00:05:09:578] [vo.logVo.LogVo.<init>] [INFO] 日志实例已初始化...
[2020-02-01 00:05:09:812] [aop.AnnotationCommenAop.<init>] [INFO] 注解式切面已初始化...
[2020-02-01 00:05:10:953] [vo.logVo.LogVo.<init>] [INFO] 日志实例已初始化...
[2020-02-01 13:01:37:876] [util.CommenClass.<init>] [INFO] 通用类初始化完成...
[2020-02-01 13:01:38:204] [util.MyApplicationContextAnnotion.<init>] [INFO] 获取上下文工具类初始化成功!
[2020-02-01 13:01:38:220] [vo.logVo.LogVo.<init>] [INFO] 日志实例已初始化...
[2020-02-01 13:01:38:532] [aop.AnnotationCommenAop.<init>] [INFO] 注解式切面已初始化...
[2020-02-01 13:01:40:044] [vo.logVo.LogVo.<init>] [INFO] 日志实例已初始化...
[2020-02-01 13:11:57:357] [util.CommenClass.<init>] [INFO] 通用类初始化完成...
[2020-02-01 13:11:57:607] [util.MyApplicationContextAnnotion.<init>] [INFO] 获取上下文工具类初始化成功!
[2020-02-01 13:11:57:654] [vo.logVo.LogVo.<init>] [INFO] 日志实例已初始化...
[2020-02-01 13:11:57:998] [aop.AnnotationCommenAop.<init>] [INFO] 注解式切面已初始化...
[2020-02-01 13:11:59:545] [vo.logVo.LogVo.<init>] [INFO] 日志实例已初始化...
[2020-02-01 13:17:29:880] [util.CommenClass.<init>] [INFO] 通用类初始化完成...
[2020-02-01 13:17:30:099] [util.MyApplicationContextAnnotion.<init>] [INFO] 获取上下文工具类初始化成功!
[2020-02-01 13:17:30:130] [vo.logVo.LogVo.<init>] [INFO] 日志实例已初始化...
[2020-02-01 13:17:30:380] [aop.AnnotationCommenAop.<init>] [INFO] 注解式切面已初始化...
[2020-02-01 13:17:31:497] [vo.logVo.LogVo.<init>] [INFO] 日志实例已初始化...
[2020-02-01 21:55:32:210] [util.CommenClass.<init>] [INFO] 通用类初始化完成...
[2020-02-01 21:55:32:429] [util.MyApplicationContextAnnotion.<init>] [INFO] 获取上下文工具类初始化成功!
[2020-02-01 21:55:32:444] [vo.logVo.LogVo.<init>] [INFO] 日志实例已初始化...
[2020-02-01 21:55:32:679] [aop.AnnotationCommenAop.<init>] [INFO] 注解式切面已初始化...
[2020-02-01 21:55:34:024] [vo.logVo.LogVo.<init>] [INFO] 日志实例已初始化...
[2020-02-01 23:18:20:360] [util.CommenClass.<init>] [INFO] 通用类初始化完成...
[2020-02-01 23:18:20:672] [util.MyApplicationContextAnnotion.<init>] [INFO] 获取上下文工具类初始化成功!
[2020-02-01 23:18:20:703] [vo.logVo.LogVo.<init>] [INFO] 日志实例已初始化...
[2020-02-01 23:18:21:078] [aop.AnnotationCommenAop.<init>] [INFO] 注解式切面已初始化...
[2020-02-01 23:18:22:440] [vo.logVo.LogVo.<init>] [INFO] 日志实例已初始化...
[2020-02-01 23:27:55:775] [util.CommenClass.<init>] [INFO] 通用类初始化完成...
[2020-02-01 23:27:56:057] [util.MyApplicationContextAnnotion.<init>] [INFO] 获取上下文工具类初始化成功!
[2020-02-01 23:27:56:088] [vo.logVo.LogVo.<init>] [INFO] 日志实例已初始化...
[2020-02-01 23:27:56:369] [aop.AnnotationCommenAop.<init>] [INFO] 注解式切面已初始化...
[2020-02-01 23:27:57:978] [vo.logVo.LogVo.<init>] [INFO] 日志实例已初始化...
[2020-02-01 23:33:50:629] [util.CommenClass.<init>] [INFO] 通用类初始化完成...
[2020-02-01 23:33:50:879] [util.MyApplicationContextAnnotion.<init>] [INFO] 获取上下文工具类初始化成功!
[2020-02-01 23:33:50:910] [vo.logVo.LogVo.<init>] [INFO] 日志实例已初始化...
[2020-02-01 23:33:51:238] [aop.AnnotationCommenAop.<init>] [INFO] 注解式切面已初始化...
[2020-02-01 23:33:52:895] [vo.logVo.LogVo.<init>] [INFO] 日志实例已初始化...
[2020-02-01 23:40:06:455] [controllers.userController.UserController.login] [INFO] 用户名不存在
[2020-02-01 23:40:13:021] [controllers.userController.UserController.login] [INFO] 用户名不存在
[2020-02-02 12:37:34:451] [util.CommenClass.<init>] [INFO] 通用类初始化完成...
[2020-02-02 12:37:34:811] [util.MyApplicationContextAnnotion.<init>] [INFO] 获取上下文工具类初始化成功!
[2020-02-02 12:37:34:858] [vo.logVo.LogVo.<init>] [INFO] 日志实例已初始化...
[2020-02-02 12:37:35:217] [aop.AnnotationCommenAop.<init>] [INFO] 注解式切面已初始化...
[2020-02-02 12:37:40:186] [vo.logVo.LogVo.<init>] [INFO] 日志实例已初始化...
[2020-02-02 12:41:05:777] [util.CommenClass.<init>] [INFO] 通用类初始化完成...
[2020-02-02 12:41:06:043] [util.MyApplicationContextAnnotion.<init>] [INFO] 获取上下文工具类初始化成功!
[2020-02-02 12:41:06:090] [vo.logVo.LogVo.<init>] [INFO] 日志实例已初始化...
[2020-02-02 12:41:06:449] [aop.AnnotationCommenAop.<init>] [INFO] 注解式切面已初始化...
[2020-02-02 12:41:07:886] [vo.logVo.LogVo.<init>] [INFO] 日志实例已初始化...
[2020-02-02 12:50:09:148] [util.CommenClass.<init>] [INFO] 通用类初始化完成...
[2020-02-02 12:50:09:414] [util.MyApplicationContextAnnotion.<init>] [INFO] 获取上下文工具类初始化成功!
[2020-02-02 12:50:09:461] [vo.logVo.LogVo.<init>] [INFO] 日志实例已初始化...
[2020-02-02 12:50:09:789] [aop.AnnotationCommenAop.<init>] [INFO] 注解式切面已初始化...
[2020-02-02 12:50:11:211] [vo.logVo.LogVo.<init>] [INFO] 日志实例已初始化...
[2020-02-02 12:51:49:235] [util.CommenClass.<init>] [INFO] 通用类初始化完成...
[2020-02-02 12:51:49:453] [util.MyApplicationContextAnnotion.<init>] [INFO] 获取上下文工具类初始化成功!
[2020-02-02 12:51:49:485] [vo.logVo.LogVo.<init>] [INFO] 日志实例已初始化...
[2020-02-02 12:51:49:844] [aop.AnnotationCommenAop.<init>] [INFO] 注解式切面已初始化...
[2020-02-02 12:51:51:458] [vo.logVo.LogVo.<init>] [INFO] 日志实例已初始化...
[2020-02-02 12:53:11:614] [util.CommenClass.<init>] [INFO] 通用类初始化完成...
[2020-02-02 12:53:11:849] [util.MyApplicationContextAnnotion.<init>] [INFO] 获取上下文工具类初始化成功!
[2020-02-02 12:53:11:880] [vo.logVo.LogVo.<init>] [INFO] 日志实例已初始化...
[2020-02-02 12:53:12:208] [aop.AnnotationCommenAop.<init>] [INFO] 注解式切面已初始化...
[2020-02-02 12:53:13:458] [vo.logVo.LogVo.<init>] [INFO] 日志实例已初始化...
[2020-02-02 13:02:03:914] [controllers.userController.UserController.ajaxReturn] [INFO] come to controller
[2020-02-02 13:02:42:165] [controllers.userController.UserController.addUser] [INFO] 添加用户成功!
[2020-02-02 13:06:50:745] [util.CommenClass.<init>] [INFO] 通用类初始化完成...
[2020-02-02 13:06:51:089] [util.MyApplicationContextAnnotion.<init>] [INFO] 获取上下文工具类初始化成功!
[2020-02-02 13:06:51:136] [vo.logVo.LogVo.<init>] [INFO] 日志实例已初始化...
[2020-02-02 13:06:51:511] [aop.AnnotationCommenAop.<init>] [INFO] 注解式切面已初始化...
[2020-02-02 13:06:52:791] [vo.logVo.LogVo.<init>] [INFO] 日志实例已初始化...
[2020-02-02 13:08:49:645] [util.CommenClass.<init>] [INFO] 通用类初始化完成...
[2020-02-02 13:08:49:880] [util.MyApplicationContextAnnotion.<init>] [INFO] 获取上下文工具类初始化成功!
[2020-02-02 13:08:49:911] [vo.logVo.LogVo.<init>] [INFO] 日志实例已初始化...
[2020-02-02 13:08:50:302] [aop.AnnotationCommenAop.<init>] [INFO] 注解式切面已初始化...
[2020-02-02 13:08:51:833] [vo.logVo.LogVo.<init>] [INFO] 日志实例已初始化...
[2020-02-02 13:09:55:032] [util.CommenClass.<init>] [INFO] 通用类初始化完成...
[2020-02-02 13:09:55:282] [util.MyApplicationContextAnnotion.<init>] [INFO] 获取上下文工具类初始化成功!
[2020-02-02 13:09:55:313] [vo.logVo.LogVo.<init>] [INFO] 日志实例已初始化...
[2020-02-02 13:09:55:579] [aop.AnnotationCommenAop.<init>] [INFO] 注解式切面已初始化...
[2020-02-02 13:09:56:908] [vo.logVo.LogVo.<init>] [INFO] 日志实例已初始化...
[2020-02-02 17:26:04:944] [util.CommenClass.<init>] [INFO] 通用类初始化完成...
[2020-02-02 17:26:05:178] [util.MyApplicationContextAnnotion.<init>] [INFO] 获取上下文工具类初始化成功!
[2020-02-02 17:26:05:225] [vo.logVo.LogVo.<init>] [INFO] 日志实例已初始化...
[2020-02-02 17:26:05:490] [aop.AnnotationCommenAop.<init>] [INFO] 注解式切面已初始化...
[2020-02-02 17:26:06:975] [vo.logVo.LogVo.<init>] [INFO] 日志实例已初始化...
[2020-02-02 17:27:50:145] [util.CommenClass.<init>] [INFO] 通用类初始化完成...
[2020-02-02 17:27:50:363] [util.MyApplicationContextAnnotion.<init>] [INFO] 获取上下文工具类初始化成功!
[2020-02-02 17:27:50:379] [vo.logVo.LogVo.<init>] [INFO] 日志实例已初始化...
[2020-02-02 17:27:50:613] [aop.AnnotationCommenAop.<init>] [INFO] 注解式切面已初始化...
[2020-02-02 17:27:51:913] [vo.logVo.LogVo.<init>] [INFO] 日志实例已初始化...
[2020-02-02 17:35:54:527] [util.CommenClass.<init>] [INFO] 通用类初始化完成...
[2020-02-02 17:35:54:799] [util.MyApplicationContextAnnotion.<init>] [INFO] 获取上下文工具类初始化成功!
[2020-02-02 17:35:54:830] [vo.logVo.LogVo.<init>] [INFO] 日志实例已初始化...
[2020-02-02 17:35:55:157] [aop.AnnotationCommenAop.<init>] [INFO] 注解式切面已初始化...
[2020-02-02 17:35:56:533] [vo.logVo.LogVo.<init>] [INFO] 日志实例已初始化...
[2020-02-02 17:47:19:716] [util.CommenClass.<init>] [INFO] 通用类初始化完成...
[2020-02-02 17:47:19:947] [util.MyApplicationContextAnnotion.<init>] [INFO] 获取上下文工具类初始化成功!
[2020-02-02 17:47:19:971] [vo.logVo.LogVo.<init>] [INFO] 日志实例已初始化...
[2020-02-02 17:47:20:226] [aop.AnnotationCommenAop.<init>] [INFO] 注解式切面已初始化...
[2020-02-02 17:47:21:640] [vo.logVo.LogVo.<init>] [INFO] 日志实例已初始化...
[2020-02-02 17:51:40:276] [util.CommenClass.<init>] [INFO] 通用类初始化完成...
[2020-02-02 17:51:40:540] [util.MyApplicationContextAnnotion.<init>] [INFO] 获取上下文工具类初始化成功!
[2020-02-02 17:51:40:586] [vo.logVo.LogVo.<init>] [INFO] 日志实例已初始化...
[2020-02-02 17:51:40:967] [aop.AnnotationCommenAop.<init>] [INFO] 注解式切面已初始化...
[2020-02-02 17:51:42:713] [vo.logVo.LogVo.<init>] [INFO] 日志实例已初始化...
[2020-02-02 17:53:29:096] [util.CommenClass.<init>] [INFO] 通用类初始化完成...
[2020-02-02 17:53:29:400] [util.MyApplicationContextAnnotion.<init>] [INFO] 获取上下文工具类初始化成功!
[2020-02-02 17:53:29:435] [vo.logVo.LogVo.<init>] [INFO] 日志实例已初始化...
[2020-02-02 17:53:29:709] [aop.AnnotationCommenAop.<init>] [INFO] 注解式切面已初始化...
[2020-02-02 17:53:31:112] [vo.logVo.LogVo.<init>] [INFO] 日志实例已初始化...
[2020-02-02 17:55:03:883] [controllers.userController.UserController.login] [INFO] 1580637303883 用户登录成功!
[2020-02-02 17:55:20:182] [controllers.deptAction.DeptAction.deptList] [INFO] 查询部门列表信息...
[2020-02-02 17:55:28:050] [controllers.deptAction.DeptAction.deptList] [INFO] 查询部门列表信息...
[2020-02-02 17:55:37:721] [controllers.deptAction.DeptAction.deptList] [INFO] 查询部门列表信息...
[2020-02-03 14:19:51:697] [controllers.userController.UserController.login] [INFO] 1580710791697 用户登录成功!
[2020-02-03 14:19:53:176] [controllers.deptAction.DeptAction.deptList] [INFO] 查询部门列表信息...
[2020-02-03 14:19:54:475] [controllers.deptAction.DeptAction.deptList] [INFO] 查询部门列表信息...
[2020-02-03 14:19:55:978] [controllers.deptAction.DeptAction.deptList] [INFO] 查询部门列表信息...
[2020-02-03 14:20:00:196] [controllers.deptAction.DeptAction.deptList] [INFO] 查询部门列表信息...
[2020-02-03 14:20:01:530] [controllers.deptAction.DeptAction.deptList] [INFO] 查询部门列表信息...
