[2020-01-22 18:49:12:140] [util.CommenClass.<init>] [INFO] 通用类初始化完成...
[2020-01-22 18:49:12:426] [util.MyApplicationContextAnnotion.<init>] [INFO] 获取上下文工具类初始化成功!
[2020-01-22 18:49:12:476] [vo.logVo.LogVo.<init>] [INFO] 日志实例已初始化...
[2020-01-22 18:49:12:832] [aop.AnnotationCommenAop.<init>] [INFO] 注解式切面已初始化...
[2020-01-22 18:49:13:848] [vo.logVo.LogVo.<init>] [INFO] 日志实例已初始化...
[2020-01-22 18:49:14:882] [controllers.userController.UserController.<init>] [INFO] 控制层初始化完成...
[2020-01-23 22:29:49:784] [util.CommenClass.<init>] [INFO] 通用类初始化完成...
[2020-01-23 22:29:50:459] [util.MyApplicationContextAnnotion.<init>] [INFO] 获取上下文工具类初始化成功!
[2020-01-23 22:29:50:481] [vo.logVo.LogVo.<init>] [INFO] 日志实例已初始化...
[2020-01-23 22:29:50:841] [aop.AnnotationCommenAop.<init>] [INFO] 注解式切面已初始化...
[2020-01-23 22:29:52:651] [vo.logVo.LogVo.<init>] [INFO] 日志实例已初始化...
[2020-01-23 22:29:53:707] [controllers.userController.UserController.<init>] [INFO] 控制层初始化完成...
[2020-01-23 22:35:37:479] [util.CommenClass.<init>] [INFO] 通用类初始化完成...
[2020-01-23 22:35:37:832] [util.MyApplicationContextAnnotion.<init>] [INFO] 获取上下文工具类初始化成功!
[2020-01-23 22:35:37:863] [vo.logVo.LogVo.<init>] [INFO] 日志实例已初始化...
[2020-01-23 22:35:38:211] [aop.AnnotationCommenAop.<init>] [INFO] 注解式切面已初始化...
[2020-01-23 22:35:39:111] [vo.logVo.LogVo.<init>] [INFO] 日志实例已初始化...
[2020-01-23 22:35:39:960] [controllers.userController.UserController.<init>] [INFO] 控制层初始化完成...
[2020-01-23 22:44:04:499] [util.CommenClass.<init>] [INFO] 通用类初始化完成...
[2020-01-23 22:44:04:739] [util.MyApplicationContextAnnotion.<init>] [INFO] 获取上下文工具类初始化成功!
[2020-01-23 22:44:04:776] [vo.logVo.LogVo.<init>] [INFO] 日志实例已初始化...
[2020-01-23 22:44:05:073] [aop.AnnotationCommenAop.<init>] [INFO] 注解式切面已初始化...
[2020-01-23 22:44:05:927] [vo.logVo.LogVo.<init>] [INFO] 日志实例已初始化...
[2020-01-23 22:46:11:477] [controllers.userController.UserController.<init>] [INFO] 控制层初始化完成...
[2020-01-23 22:57:02:451] [util.CommenClass.<init>] [INFO] 通用类初始化完成...
[2020-01-23 22:57:02:731] [util.MyApplicationContextAnnotion.<init>] [INFO] 获取上下文工具类初始化成功!
[2020-01-23 22:57:02:763] [vo.logVo.LogVo.<init>] [INFO] 日志实例已初始化...
[2020-01-23 22:57:03:115] [aop.AnnotationCommenAop.<init>] [INFO] 注解式切面已初始化...
[2020-01-23 22:57:04:562] [vo.logVo.LogVo.<init>] [INFO] 日志实例已初始化...
[2020-01-23 22:57:32:319] [controllers.userController.UserController.<init>] [INFO] 控制层初始化完成...
[2020-01-23 22:59:36:654] [util.CommenClass.<init>] [INFO] 通用类初始化完成...
[2020-01-23 22:59:36:847] [util.MyApplicationContextAnnotion.<init>] [INFO] 获取上下文工具类初始化成功!
[2020-01-23 22:59:36:867] [vo.logVo.LogVo.<init>] [INFO] 日志实例已初始化...
[2020-01-23 22:59:37:103] [aop.AnnotationCommenAop.<init>] [INFO] 注解式切面已初始化...
[2020-01-23 22:59:38:587] [vo.logVo.LogVo.<init>] [INFO] 日志实例已初始化...
[2020-01-23 23:00:05:352] [controllers.userController.UserController.<init>] [INFO] 控制层初始化完成...
[2020-01-23 23:00:53:083] [controllers.userController.UserController.login] [INFO] 用户名不存在
[2020-01-23 23:04:09:347] [controllers.userController.UserController.login] [INFO] 用户名不存在
[2020-01-23 23:04:32:713] [util.CommenClass.<init>] [INFO] 通用类初始化完成...
[2020-01-23 23:04:32:920] [util.MyApplicationContextAnnotion.<init>] [INFO] 获取上下文工具类初始化成功!
[2020-01-23 23:04:32:949] [vo.logVo.LogVo.<init>] [INFO] 日志实例已初始化...
[2020-01-23 23:04:33:224] [aop.AnnotationCommenAop.<init>] [INFO] 注解式切面已初始化...
[2020-01-23 23:04:34:387] [vo.logVo.LogVo.<init>] [INFO] 日志实例已初始化...
[2020-01-23 23:05:43:724] [controllers.userController.UserController.<init>] [INFO] 控制层初始化完成...
[2020-01-23 23:06:55:893] [util.CommenClass.<init>] [INFO] 通用类初始化完成...
[2020-01-23 23:06:56:185] [util.MyApplicationContextAnnotion.<init>] [INFO] 获取上下文工具类初始化成功!
[2020-01-23 23:06:56:225] [vo.logVo.LogVo.<init>] [INFO] 日志实例已初始化...
[2020-01-23 23:06:56:591] [aop.AnnotationCommenAop.<init>] [INFO] 注解式切面已初始化...
[2020-01-23 23:06:57:826] [vo.logVo.LogVo.<init>] [INFO] 日志实例已初始化...
[2020-01-23 23:07:24:490] [controllers.userController.UserController.<init>] [INFO] 控制层初始化完成...
[2020-01-23 23:07:24:761] [controllers.userController.UserController.login] [INFO] 用户名不存在
[2020-01-23 23:07:49:090] [controllers.userController.UserController.login] [INFO] 用户名不存在
[2020-01-23 23:08:47:641] [util.CommenClass.<init>] [INFO] 通用类初始化完成...
[2020-01-23 23:08:48:456] [util.MyApplicationContextAnnotion.<init>] [INFO] 获取上下文工具类初始化成功!
[2020-01-23 23:08:48:507] [vo.logVo.LogVo.<init>] [INFO] 日志实例已初始化...
[2020-01-23 23:08:48:886] [aop.AnnotationCommenAop.<init>] [INFO] 注解式切面已初始化...
[2020-01-23 23:08:50:285] [vo.logVo.LogVo.<init>] [INFO] 日志实例已初始化...
[2020-01-23 23:09:05:185] [controllers.userController.UserController.<init>] [INFO] 控制层初始化完成...
[2020-01-23 23:09:37:604] [util.CommenClass.<init>] [INFO] 通用类初始化完成...
[2020-01-23 23:09:37:799] [util.MyApplicationContextAnnotion.<init>] [INFO] 获取上下文工具类初始化成功!
[2020-01-23 23:09:37:818] [vo.logVo.LogVo.<init>] [INFO] 日志实例已初始化...
[2020-01-23 23:09:38:042] [aop.AnnotationCommenAop.<init>] [INFO] 注解式切面已初始化...
[2020-01-23 23:09:39:166] [vo.logVo.LogVo.<init>] [INFO] 日志实例已初始化...
[2020-01-23 23:28:21:919] [util.CommenClass.<init>] [INFO] 通用类初始化完成...
[2020-01-23 23:28:22:107] [util.MyApplicationContextAnnotion.<init>] [INFO] 获取上下文工具类初始化成功!
[2020-01-23 23:28:22:122] [vo.logVo.LogVo.<init>] [INFO] 日志实例已初始化...
[2020-01-23 23:28:22:357] [aop.AnnotationCommenAop.<init>] [INFO] 注解式切面已初始化...
[2020-01-23 23:28:23:809] [vo.logVo.LogVo.<init>] [INFO] 日志实例已初始化...
[2020-01-23 23:34:54:825] [util.CommenClass.<init>] [INFO] 通用类初始化完成...
[2020-01-23 23:34:55:036] [util.MyApplicationContextAnnotion.<init>] [INFO] 获取上下文工具类初始化成功!
[2020-01-23 23:34:55:068] [vo.logVo.LogVo.<init>] [INFO] 日志实例已初始化...
[2020-01-23 23:34:55:326] [aop.AnnotationCommenAop.<init>] [INFO] 注解式切面已初始化...
[2020-01-23 23:34:56:701] [vo.logVo.LogVo.<init>] [INFO] 日志实例已初始化...
[2020-01-23 23:35:56:009] [util.CommenClass.<init>] [INFO] 通用类初始化完成...
[2020-01-23 23:35:56:212] [util.MyApplicationContextAnnotion.<init>] [INFO] 获取上下文工具类初始化成功!
[2020-01-23 23:35:56:228] [vo.logVo.LogVo.<init>] [INFO] 日志实例已初始化...
[2020-01-23 23:35:56:447] [aop.AnnotationCommenAop.<init>] [INFO] 注解式切面已初始化...
[2020-01-23 23:35:57:603] [vo.logVo.LogVo.<init>] [INFO] 日志实例已初始化...
