2018-07-06 at 16:02:52 CST INFO  srvSeal.SrvSealUtil 42 init - path：C:/Java/jdk6/bin/;
2018-07-06 at 16:02:52 CST INFO  srvSeal.SrvSealUtil 45 init - dll存放路径：C:/Java/jdk6/bin/
2018-07-06 at 16:02:55 CST INFO  srvSeal.SrvSealUtil 462 main - nObjID0
2018-07-06 at 16:02:55 CST INFO  srvSeal.SrvSealUtil 468 main - 0
2018-07-06 at 16:03:14 CST INFO  srvSeal.SrvSealUtil 42 init - path：C:/Java/jdk6/bin/;
2018-07-06 at 16:03:14 CST INFO  srvSeal.SrvSealUtil 45 init - dll存放路径：C:/Java/jdk6/bin/
2018-07-06 at 16:03:15 CST INFO  srvSeal.SrvSealUtil 462 main - nObjID:0
2018-07-06 at 16:03:15 CST INFO  srvSeal.SrvSealUtil 468 main - 0
2018-07-06 at 16:03:53 CST INFO  srvSeal.SrvSealUtil 42 init - path：C:/Java/jdk6/bin/;
2018-07-06 at 16:03:53 CST INFO  srvSeal.SrvSealUtil 45 init - dll存放路径：C:/Java/jdk6/bin/
2018-07-06 at 16:04:00 CST INFO  srvSeal.SrvSealUtil 462 main - nObjID:1
2018-07-06 at 16:04:00 CST INFO  srvSeal.SrvSealUtil 468 main - 0
2018-07-06 at 16:05:13 CST INFO  srvSeal.SrvSealUtil 42 init - path：C:/Java/jdk6/bin/;
2018-07-06 at 16:05:13 CST INFO  srvSeal.SrvSealUtil 45 init - dll存放路径：C:/Java/jdk6/bin/
2018-07-06 at 16:05:14 CST INFO  srvSeal.SrvSealUtil 462 main - nObjID:0
2018-07-06 at 16:05:14 CST INFO  srvSeal.SrvSealUtil 468 main - 0
2018-07-06 at 16:07:43 CST INFO  srvSeal.SrvSealUtil 42 init - path：C:/Java/jdk6/bin/;
2018-07-06 at 16:07:43 CST INFO  srvSeal.SrvSealUtil 45 init - dll存放路径：C:/Java/jdk6/bin/
2018-07-06 at 16:07:44 CST INFO  srvSeal.SrvSealUtil 462 main - nObjID:0
2018-07-06 at 16:07:44 CST INFO  srvSeal.SrvSealUtil 468 main - 0
2018-07-06 at 16:09:21 CST INFO  srvSeal.SrvSealUtil 42 init - path：C:/Java/jdk6/bin/;
2018-07-06 at 16:09:21 CST INFO  srvSeal.SrvSealUtil 45 init - dll存放路径：C:/Java/jdk6/bin/
2018-07-06 at 16:09:22 CST INFO  srvSeal.SrvSealUtil 462 main - nObjID:0
2018-07-06 at 16:09:22 CST INFO  srvSeal.SrvSealUtil 468 main - 0
2018-07-06 at 16:09:38 CST INFO  srvSeal.SrvSealUtil 42 init - path：C:/Java/jdk6/bin/;
2018-07-06 at 16:09:38 CST INFO  srvSeal.SrvSealUtil 45 init - dll存放路径：C:/Java/jdk6/bin/
2018-07-06 at 16:09:40 CST INFO  srvSeal.SrvSealUtil 462 main - nObjID:1
2018-07-06 at 16:09:40 CST INFO  srvSeal.SrvSealUtil 468 main - 0
2018-07-06 at 16:10:12 CST INFO  srvSeal.SrvSealUtil 42 init - path：C:/Java/jdk6/bin/;
2018-07-06 at 16:10:12 CST INFO  srvSeal.SrvSealUtil 45 init - dll存放路径：C:/Java/jdk6/bin/
2018-07-06 at 16:10:13 CST INFO  srvSeal.SrvSealUtil 462 main - nObjID:0
2018-07-06 at 16:10:13 CST INFO  srvSeal.SrvSealUtil 468 main - d:\江苏盱眙.sel
2018-07-06 at 16:10:23 CST INFO  srvSeal.SrvSealUtil 42 init - path：C:/Java/jdk6/bin/;
2018-07-06 at 16:10:23 CST INFO  srvSeal.SrvSealUtil 45 init - dll存放路径：C:/Java/jdk6/bin/
2018-07-06 at 16:10:24 CST INFO  srvSeal.SrvSealUtil 462 main - nObjID:1
2018-07-06 at 16:10:24 CST INFO  srvSeal.SrvSealUtil 468 main - d:\test.doc
2018-07-06 at 16:11:05 CST INFO  srvSeal.SrvSealUtil 42 init - path：C:/Java/jdk6/bin/;
2018-07-06 at 16:11:05 CST INFO  srvSeal.SrvSealUtil 45 init - dll存放路径：C:/Java/jdk6/bin/
2018-07-06 at 16:11:06 CST INFO  srvSeal.SrvSealUtil 462 main - nObjID:0
2018-07-06 at 16:11:06 CST INFO  srvSeal.SrvSealUtil 468 main - d:\jiangsu.sel
2018-07-06 at 16:14:42 CST INFO  srvSeal.SrvSealUtil 42 init - path：C:/Java/jdk6/bin/;
2018-07-06 at 16:14:42 CST INFO  srvSeal.SrvSealUtil 45 init - dll存放路径：C:/Java/jdk6/bin/
2018-07-06 at 16:14:43 CST INFO  srvSeal.SrvSealUtil 462 main - nObjID:1
2018-07-06 at 16:14:43 CST INFO  srvSeal.SrvSealUtil 468 main - 0
2018-07-06 at 16:28:09 CST INFO  srvSeal.SrvSealUtil 43 init - path：C:/Java/jdk6/bin/;
2018-07-06 at 16:28:09 CST INFO  srvSeal.SrvSealUtil 46 init - dll存放路径：C:/Java/jdk6/bin/
2018-07-06 at 16:28:11 CST INFO  srvSeal.SrvSealUtil 471 main - 1
2018-07-06 at 16:28:25 CST INFO  srvSeal.SrvSealUtil 43 init - path：C:/Java/jdk6/bin/;
2018-07-06 at 16:28:25 CST INFO  srvSeal.SrvSealUtil 46 init - dll存放路径：C:/Java/jdk6/bin/
2018-07-06 at 16:28:26 CST INFO  srvSeal.SrvSealUtil 471 main - data:1
2018-07-06 at 16:29:45 CST INFO  srvSeal.SrvSealUtil 43 init - path：C:/Java/jdk6/bin/;
2018-07-06 at 16:29:45 CST INFO  srvSeal.SrvSealUtil 46 init - dll存放路径：C:/Java/jdk6/bin/
2018-07-06 at 16:29:46 CST INFO  srvSeal.SrvSealUtil 471 main - filePath:d:\test.doc data:1
2018-07-06 at 16:30:05 CST INFO  srvSeal.SrvSealUtil 43 init - path：C:/Java/jdk6/bin/;
2018-07-06 at 16:30:05 CST INFO  srvSeal.SrvSealUtil 46 init - dll存放路径：C:/Java/jdk6/bin/
2018-07-06 at 16:30:06 CST INFO  srvSeal.SrvSealUtil 471 main - filePath:d:\江苏盱眙.sel data:0
2018-07-06 at 16:43:12 CST INFO  srvSeal.SrvSealUtil 43 init - path：C:/Java/jdk6/bin/;
2018-07-06 at 16:43:12 CST INFO  srvSeal.SrvSealUtil 46 init - dll存放路径：C:/Java/jdk6/bin/
2018-07-06 at 16:43:13 CST INFO  srvSeal.SrvSealUtil 463 main - nObjID:1
2018-07-06 at 16:48:40 CST INFO  srvSeal.SrvSealUtil 43 init - path：C:/Java/jdk6/bin/;
2018-07-06 at 16:48:40 CST INFO  srvSeal.SrvSealUtil 46 init - dll存放路径：C:/Java/jdk6/bin/
2018-07-06 at 16:50:00 CST INFO  srvSeal.SrvSealUtil 43 init - path：C:/Java/jdk6/bin/;
2018-07-06 at 16:50:00 CST INFO  srvSeal.SrvSealUtil 46 init - dll存放路径：C:/Java/jdk6/bin/
2018-07-06 at 16:52:03 CST INFO  srvSeal.SrvSealUtil 43 init - path：C:/Java/jdk6/bin/;
2018-07-06 at 16:52:03 CST INFO  srvSeal.SrvSealUtil 46 init - dll存放路径：C:/Java/jdk6/bin/
2018-07-06 at 16:52:21 CST INFO  srvSeal.SrvSealUtil 43 init - path：C:/Java/jdk6/bin/;
2018-07-06 at 16:52:21 CST INFO  srvSeal.SrvSealUtil 46 init - dll存放路径：C:/Java/jdk6/bin/
2018-07-06 at 16:55:37 CST INFO  srvSeal.SrvSealUtil 43 init - path：C:/Java/jdk6/bin/;
2018-07-06 at 16:55:37 CST INFO  srvSeal.SrvSealUtil 46 init - dll存放路径：C:/Java/jdk6/bin/
2018-07-06 at 16:55:55 CST INFO  srvSeal.SrvSealUtil 43 init - path：C:/Java/jdk6/bin/;
2018-07-06 at 16:55:55 CST INFO  srvSeal.SrvSealUtil 46 init - dll存放路径：C:/Java/jdk6/bin/
2018-07-06 at 16:56:14 CST INFO  srvSeal.SrvSealUtil 43 init - path：C:/Java/jdk6/bin/;
2018-07-06 at 16:56:14 CST INFO  srvSeal.SrvSealUtil 46 init - dll存放路径：C:/Java/jdk6/bin/
2018-07-06 at 16:56:27 CST INFO  srvSeal.SrvSealUtil 43 init - path：C:/Java/jdk6/bin/;
2018-07-06 at 16:56:27 CST INFO  srvSeal.SrvSealUtil 46 init - dll存放路径：C:/Java/jdk6/bin/
2018-07-06 at 16:56:28 CST INFO  srvSeal.SrvSealUtil 467 main - nObjID:0 val:-2 saveFile:-2
2018-07-06 at 17:12:19 CST INFO  srvSeal.SrvSealUtil 46 init - path：C:/Java/jdk6/bin/;
2018-07-06 at 17:12:19 CST INFO  srvSeal.SrvSealUtil 49 init - dll存放路径：C:/Java/jdk6/bin/
2018-07-06 at 17:20:52 CST INFO  srvSeal.SrvSealUtil 46 init - path：C:/Java/jdk6/bin/;
2018-07-06 at 17:20:52 CST INFO  srvSeal.SrvSealUtil 49 init - dll存放路径：C:/Java/jdk6/bin/
2018-07-06 at 17:20:53 CST INFO  srvSeal.SrvSealUtil 473 main - data:
ZDpc5bm/5bee5Yac5p2R5ZWG5Lia6ZO26KGM5Lia5Yqh5LiT55So56ugLnNlbA==
2018-07-06 at 17:22:22 CST INFO  srvSeal.SrvSealUtil 46 init - path：C:/Java/jdk6/bin/;
2018-07-06 at 17:22:22 CST INFO  srvSeal.SrvSealUtil 49 init - dll存放路径：C:/Java/jdk6/bin/
2018-07-06 at 17:22:23 CST INFO  srvSeal.SrvSealUtil 473 main - data:
ZDpcdGVzdC5kb2M=
2018-07-06 at 17:41:32 CST INFO  srvSeal.SrvSealUtil 46 init - path：C:/Java/jdk6/bin/;
2018-07-06 at 17:41:32 CST INFO  srvSeal.SrvSealUtil 49 init - dll存放路径：C:/Java/jdk6/bin/
2018-07-06 at 17:41:33 CST INFO  srvSeal.SrvSealUtil 475 main - openObj1
2018-07-06 at 17:46:48 CST INFO  srvSeal.SrvSealUtil 46 init - path：C:/Java/jdk6/bin/;
2018-07-06 at 17:46:48 CST INFO  srvSeal.SrvSealUtil 49 init - dll存放路径：C:/Java/jdk6/bin/
